{
  "meta": {
    "version": "7.2.5",
    "timestamp": "2023-09-11T14:27:39.924839",
    "branch_coverage": false,
    "show_contexts": false
  },
  "files": {
    "pymarble/__init__.py": {
      "executed_lines": [
        1,
        2
      ],
      "summary": {
        "covered_lines": 1,
        "num_statements": 1,
        "percent_covered": 100.0,
        "percent_covered_display": "100",
        "missing_lines": 0,
        "excluded_lines": 0
      },
      "missing_lines": [],
      "excluded_lines": []
    },
    "pymarble/cli.py": {
      "executed_lines": [],
      "summary": {
        "covered_lines": 0,
        "num_statements": 110,
        "percent_covered": 0.0,
        "percent_covered_display": "0",
        "missing_lines": 110,
        "excluded_lines": 0
      },
      "missing_lines": [
        2,
        4,
        5,
        7,
        11,
        12,
        13,
        14,
        15,
        16,
        17,
        18,
        19,
        20,
        21,
        22,
        23,
        24,
        25,
        26,
        27,
        28,
        29,
        30,
        31,
        32,
        33,
        34,
        35,
        36,
        37,
        38,
        39,
        40,
        41,
        42,
        43,
        44,
        45,
        46,
        50,
        54,
        57,
        58,
        61,
        62,
        63,
        64,
        65,
        67,
        69,
        71,
        72,
        73,
        74,
        75,
        76,
        77,
        80,
        81,
        82,
        83,
        84,
        85,
        88,
        89,
        90,
        91,
        92,
        93,
        96,
        97,
        98,
        99,
        100,
        101,
        102,
        103,
        104,
        105,
        106,
        107,
        108,
        109,
        112,
        113,
        114,
        115,
        116,
        117,
        118,
        119,
        120,
        121,
        122,
        123,
        124,
        125,
        126,
        127,
        128,
        129,
        130,
        132,
        133,
        134,
        135,
        136,
        138,
        139
      ],
      "excluded_lines": []
    },
    "pymarble/file.py": {
      "executed_lines": [
        1,
        2,
        3,
        4,
        5,
        6,
        7,
        8,
        9,
        11,
        12,
        15,
        27,
        29,
        30,
        31,
        32,
        37,
        40,
        41,
        42,
        43,
        44,
        45,
        46,
        47,
        48,
        49,
        52,
        53
      ],
      "summary": {
        "covered_lines": 28,
        "num_statements": 31,
        "percent_covered": 90.3225806451613,
        "percent_covered_display": "90",
        "missing_lines": 3,
        "excluded_lines": 0
      },
      "missing_lines": [
        33,
        34,
        35
      ],
      "excluded_lines": []
    },
    "pymarble/fileAutomaticIdentify.py": {
      "executed_lines": [
        1,
        2,
        3,
        4,
        5,
        6,
        7,
        8,
        10,
        11,
        12,
        29,
        30,
        32,
        33,
        34,
        35,
        36,
        38,
        44,
        45,
        46,
        47,
        49,
        52,
        54,
        55,
        56,
        57,
        60,
        61,
        63,
        64,
        65,
        67,
        68,
        69,
        70,
        72,
        73,
        74,
        76,
        79,
        86,
        87,
        88,
        89,
        90,
        91,
        92,
        93,
        94,
        97,
        104,
        105,
        106,
        108,
        109,
        110,
        111,
        112,
        113,
        114,
        115,
        116,
        117,
        118,
        119,
        122,
        126,
        127,
        128,
        129,
        130,
        131,
        132,
        133,
        134,
        135,
        136,
        137,
        138,
        139,
        140,
        141,
        142,
        145,
        147,
        148,
        151,
        187,
        188,
        189,
        190,
        191,
        193,
        195,
        196,
        197,
        198,
        199,
        200,
        201,
        202,
        203,
        204,
        205,
        206,
        207,
        208,
        209,
        212,
        213,
        214,
        218,
        219,
        221,
        222,
        225,
        237,
        238,
        239,
        240,
        241,
        242,
        244,
        245,
        246,
        250,
        251,
        252,
        256,
        259,
        260,
        261,
        265,
        266,
        267,
        269,
        272,
        284,
        285,
        286,
        287,
        288,
        289,
        290,
        291,
        292,
        294,
        295,
        296,
        297,
        298,
        299,
        300,
        301,
        302,
        303,
        304,
        305,
        306,
        307,
        308,
        309,
        310,
        311,
        312,
        313,
        314,
        315,
        316,
        317,
        318,
        319,
        320,
        321,
        322,
        323,
        324,
        325,
        326,
        327,
        328,
        329,
        330,
        331,
        333,
        334,
        335,
        336,
        337,
        340,
        356,
        357,
        358,
        359,
        360,
        361,
        362,
        363,
        369,
        370,
        371,
        372,
        373,
        374,
        375,
        376,
        379,
        382
      ],
      "summary": {
        "covered_lines": 209,
        "num_statements": 266,
        "percent_covered": 78.57142857142857,
        "percent_covered_display": "79",
        "missing_lines": 57,
        "excluded_lines": 0
      },
      "missing_lines": [
        31,
        37,
        48,
        50,
        51,
        53,
        62,
        66,
        71,
        75,
        143,
        144,
        194,
        210,
        211,
        215,
        247,
        248,
        249,
        253,
        254,
        255,
        257,
        262,
        263,
        365,
        366,
        367,
        368,
        377,
        378,
        389,
        390,
        391,
        392,
        393,
        394,
        395,
        396,
        397,
        398,
        399,
        401,
        402,
        403,
        407,
        409,
        411,
        412,
        413,
        414,
        415,
        416,
        418,
        420,
        421,
        422
      ],
      "excluded_lines": []
    },
    "pymarble/fileClass.py": {
      "executed_lines": [
        1,
        2,
        3,
        4,
        5,
        7,
        8,
        10,
        11,
        12,
        13,
        14,
        15,
        16,
        17,
        18,
        19,
        20,
        21,
        22,
        23,
        26,
        27,
        28,
        29,
        30,
        31,
        32,
        33,
        34,
        35,
        36,
        37,
        38,
        39,
        40,
        41,
        42
      ],
      "summary": {
        "covered_lines": 36,
        "num_statements": 36,
        "percent_covered": 100.0,
        "percent_covered_display": "100",
        "missing_lines": 0,
        "excluded_lines": 0
      },
      "missing_lines": [],
      "excluded_lines": []
    },
    "pymarble/fileCommandLine.py": {
      "executed_lines": [
        1,
        2,
        3,
        4,
        5,
        7,
        8,
        9,
        17,
        18,
        19,
        20,
        21,
        22,
        23,
        25,
        28,
        31,
        38,
        39,
        40,
        41,
        42,
        44,
        45,
        46,
        47,
        48,
        49,
        50,
        51,
        52,
        55,
        63,
        64,
        65,
        66,
        67,
        68,
        69,
        70,
        71,
        72,
        73,
        75,
        76,
        77
      ],
      "summary": {
        "covered_lines": 45,
        "num_statements": 47,
        "percent_covered": 95.74468085106383,
        "percent_covered_display": "96",
        "missing_lines": 2,
        "excluded_lines": 0
      },
      "missing_lines": [
        27,
        43
      ],
      "excluded_lines": []
    },
    "pymarble/fileInputOutput.py": {
      "executed_lines": [
        1,
        2,
        3,
        4,
        5,
        6,
        7,
        8,
        9,
        10,
        11,
        13,
        14,
        15,
        18,
        19,
        20,
        21,
        22,
        23,
        26,
        36,
        37,
        38,
        41,
        42,
        45,
        47,
        48,
        49,
        50,
        53,
        57,
        60,
        61,
        62,
        63,
        64,
        65,
        66,
        67,
        68,
        69,
        70,
        71,
        72,
        73,
        74,
        75,
        76,
        77,
        78,
        79,
        80,
        81,
        82,
        83,
        84,
        85,
        86,
        88,
        89,
        90,
        91,
        92,
        93,
        94,
        95,
        96,
        97,
        100,
        104,
        105,
        108,
        109,
        111,
        112,
        115,
        116,
        117,
        120,
        121,
        122,
        125,
        126,
        127,
        130,
        132,
        133,
        134,
        135,
        136,
        139,
        147,
        148,
        151,
        152,
        153,
        154,
        155,
        157,
        158,
        165,
        166,
        167,
        168,
        169,
        170,
        171,
        172,
        173,
        180,
        181,
        182,
        183,
        184,
        185,
        186,
        187,
        188,
        189,
        190,
        193,
        197,
        198,
        199,
        200,
        201,
        205,
        208,
        209,
        210,
        211,
        212,
        213,
        214,
        215,
        216,
        217,
        218,
        223,
        224,
        225,
        226,
        227,
        228,
        229,
        232,
        236,
        237,
        238,
        239,
        241,
        242,
        243,
        244,
        245,
        246,
        247,
        251,
        252,
        253,
        257,
        258,
        259,
        263,
        264,
        265,
        269,
        270,
        271,
        275,
        276,
        279,
        280,
        281,
        282,
        284,
        285,
        286,
        287,
        289,
        290,
        291,
        293,
        306,
        307,
        308,
        311,
        320,
        323,
        327,
        328,
        329,
        330,
        333,
        334,
        335,
        336,
        337,
        339,
        341,
        342,
        343,
        344,
        347,
        348,
        349,
        357,
        360,
        363,
        369
      ],
      "summary": {
        "covered_lines": 210,
        "num_statements": 274,
        "percent_covered": 76.64233576642336,
        "percent_covered_display": "77",
        "missing_lines": 64,
        "excluded_lines": 0
      },
      "missing_lines": [
        58,
        59,
        106,
        107,
        113,
        114,
        118,
        119,
        123,
        124,
        128,
        129,
        159,
        160,
        161,
        162,
        163,
        174,
        175,
        176,
        177,
        178,
        179,
        191,
        206,
        207,
        249,
        250,
        255,
        256,
        261,
        262,
        267,
        268,
        273,
        274,
        277,
        278,
        292,
        294,
        295,
        296,
        297,
        299,
        300,
        301,
        302,
        303,
        304,
        321,
        322,
        331,
        332,
        338,
        340,
        350,
        351,
        352,
        353,
        354,
        355,
        356,
        358,
        359
      ],
      "excluded_lines": []
    },
    "pymarble/fileUtil.py": {
      "executed_lines": [
        1,
        2,
        3,
        4,
        5,
        6,
        8,
        9,
        10,
        24,
        26,
        27,
        28,
        29,
        30,
        31,
        32,
        33,
        34,
        35,
        36,
        37,
        38,
        39,
        40,
        41,
        42,
        43,
        44,
        46,
        47,
        48,
        51,
        62,
        64,
        65,
        66,
        67,
        68,
        70,
        71,
        72,
        73,
        74,
        75,
        77,
        78,
        79,
        80,
        81,
        84,
        85,
        88,
        101,
        104,
        105,
        107,
        108,
        109,
        110,
        111,
        112,
        113,
        114,
        116,
        117,
        120,
        122,
        123,
        124,
        132,
        133,
        134,
        135,
        136,
        137,
        140,
        146,
        149,
        150,
        158,
        159,
        160,
        161,
        162,
        163,
        165,
        168,
        169,
        171,
        172,
        173,
        174,
        175,
        176,
        177,
        178,
        180,
        181,
        182,
        183,
        184,
        187,
        188,
        189,
        190,
        192,
        193,
        194,
        195,
        196,
        198,
        199,
        201,
        202,
        203,
        204,
        205,
        206,
        207,
        208,
        209,
        210,
        211,
        213,
        214,
        215,
        216,
        217,
        218,
        219,
        220,
        221,
        222,
        224,
        225,
        226,
        227,
        228,
        231,
        232,
        233,
        234,
        235,
        236,
        237,
        238,
        241,
        242,
        244,
        245,
        246,
        247,
        248,
        255,
        258,
        278,
        289,
        290,
        292,
        293,
        294,
        295,
        296,
        297,
        298,
        299,
        301,
        302,
        303,
        304,
        305,
        306,
        315,
        316,
        317,
        318,
        319,
        320,
        322,
        323,
        324,
        326,
        327,
        328,
        330,
        333,
        337,
        338,
        339,
        340,
        341,
        342,
        343,
        346,
        350,
        351,
        359,
        360,
        361,
        362,
        363,
        364,
        365,
        416,
        423,
        425,
        426,
        427,
        428,
        429,
        430,
        431,
        432,
        433
      ],
      "summary": {
        "covered_lines": 213,
        "num_statements": 248,
        "percent_covered": 85.88709677419355,
        "percent_covered_display": "86",
        "missing_lines": 35,
        "excluded_lines": 0
      },
      "missing_lines": [
        25,
        63,
        76,
        82,
        102,
        103,
        119,
        125,
        126,
        127,
        128,
        129,
        130,
        131,
        147,
        148,
        164,
        266,
        267,
        268,
        269,
        270,
        272,
        273,
        274,
        275,
        307,
        308,
        310,
        311,
        313,
        321,
        329,
        344,
        424
      ],
      "excluded_lines": []
    },
    "pymarble/section.py": {
      "executed_lines": [
        1,
        2,
        3,
        4,
        5,
        28,
        31,
        32,
        35,
        39,
        40,
        41,
        42,
        43,
        45,
        46,
        47,
        48,
        49,
        50,
        51,
        52,
        53,
        55,
        56,
        57,
        59,
        60,
        63,
        75,
        76,
        77,
        78,
        79,
        80,
        81,
        82,
        83,
        84,
        85,
        86,
        87,
        88,
        90,
        95,
        96,
        98,
        99,
        100,
        102,
        103,
        104,
        107,
        114,
        115,
        118,
        123,
        126,
        132,
        133,
        134,
        135,
        136,
        139,
        152,
        154,
        155,
        156,
        157,
        158,
        159,
        160,
        161,
        162,
        163,
        164,
        166,
        168,
        170,
        171,
        172,
        173,
        175,
        177,
        178,
        179,
        180,
        184,
        199,
        203,
        204,
        205,
        208,
        212,
        215,
        216,
        222
      ],
      "summary": {
        "covered_lines": 95,
        "num_statements": 107,
        "percent_covered": 88.78504672897196,
        "percent_covered_display": "89",
        "missing_lines": 12,
        "excluded_lines": 0
      },
      "missing_lines": [
        92,
        93,
        101,
        153,
        165,
        186,
        188,
        189,
        190,
        193,
        194,
        195
      ],
      "excluded_lines": []
    }
  },
  "totals": {
    "covered_lines": 837,
    "num_statements": 1120,
    "percent_covered": 74.73214285714286,
    "percent_covered_display": "75",
    "missing_lines": 283,
    "excluded_lines": 0
  }
}